<?xml version="1.0" encoding="UTF-8"?>
<!-- Generated by org.testng.reporters.JUnitReportReporter -->
<testsuite hostname="Jyothi" failures="0" tests="1" name="sel.sel.AppTest" time="0.006" errors="0" timestamp="2023-10-17T18:51:49 IST" skipped="0">
  <testcase classname="sel.sel.AppTest" name="shouldAnswerWithTrue" time="0.006"/>
  <system-out/>
</testsuite> <!-- sel.sel.AppTest -->
